
> @quiet/state-manager@1.2.1-alpha.3 build
> tsc -p tsconfig.build.json

src/sagas/appConnection/connection.selectors.test.ts(13,27): error TS2307: Cannot find module '@quiet/types' or its corresponding type declarations.
src/sagas/communities/communities.adapter.ts(1,27): error TS2307: Cannot find module '@quiet/types' or its corresponding type declarations.
src/sagas/communities/communities.selectors.test.ts(11,27): error TS2307: Cannot find module '@quiet/types' or its corresponding type declarations.
src/sagas/communities/communities.slice.ts(13,27): error TS2307: Cannot find module '@quiet/types' or its corresponding type declarations.
src/sagas/communities/communities.types.ts(1,27): error TS2307: Cannot find module '@quiet/types' or its corresponding type declarations.
src/sagas/communities/createNetwork/createNetwork.saga.test.ts(14,27): error TS2307: Cannot find module '@quiet/types' or its corresponding type declarations.
src/sagas/communities/createNetwork/createNetwork.saga.ts(10,27): error TS2307: Cannot find module '@quiet/types' or its corresponding type declarations.
src/sagas/communities/launchCommunity/launchCommunity.saga.test.ts(85,9): error TS2578: Unused '@ts-expect-error' directive.
src/sagas/communities/launchCommunity/launchCommunity.saga.test.ts(148,9): error TS2578: Unused '@ts-expect-error' directive.
src/sagas/communities/responseCreateNetwork/responseCreateNetwork.saga.test.ts(13,27): error TS2307: Cannot find module '@quiet/types' or its corresponding type declarations.
src/sagas/communities/updateCommunity/updateCommunity.saga.test.ts(9,27): error TS2307: Cannot find module '@quiet/types' or its corresponding type declarations.
src/sagas/errors/errors.selectors.test.ts(9,27): error TS2307: Cannot find module '@quiet/types' or its corresponding type declarations.
src/sagas/errors/handleErrors/handleErrors.saga.test.ts(10,25): error TS2307: Cannot find module '@quiet/types' or its corresponding type declarations.
src/sagas/files/autoDownloadFiles/autoDownloadFiles.saga.test.ts(22,27): error TS2307: Cannot find module '@quiet/types' or its corresponding type declarations.
src/sagas/files/broadcastHostedFile/broadcastHostedFile.saga.test.ts(19,27): error TS2307: Cannot find module '@quiet/types' or its corresponding type declarations.
src/sagas/files/cancelDownload/cancelDownload.saga.test.ts(16,27): error TS2307: Cannot find module '@quiet/types' or its corresponding type declarations.
src/sagas/files/downloadFile/downloadFileSaga.test.ts(18,27): error TS2307: Cannot find module '@quiet/types' or its corresponding type declarations.
src/sagas/files/resetTransferSpeed/resetTransferSpeed.saga.test.ts(17,27): error TS2307: Cannot find module '@quiet/types' or its corresponding type declarations.
src/sagas/files/updateMessageMedia/updateMessageMedia.test.ts(17,27): error TS2307: Cannot find module '@quiet/types' or its corresponding type declarations.
src/sagas/files/uploadFile/uploadFile.saga.test.ts(25,27): error TS2307: Cannot find module '@quiet/types' or its corresponding type declarations.
src/sagas/messages/checkForMessages/checkForMessages.saga.test.ts(15,27): error TS2307: Cannot find module '@quiet/types' or its corresponding type declarations.
src/sagas/messages/incomingMessages/incomingMessages.saga.test.ts(22,27): error TS2307: Cannot find module '@quiet/types' or its corresponding type declarations.
src/sagas/messages/manageCache/extendChannelCache.saga.test.ts(22,27): error TS2307: Cannot find module '@quiet/types' or its corresponding type declarations.
src/sagas/messages/manageCache/resetChannelCache.saga.test.ts(21,27): error TS2307: Cannot find module '@quiet/types' or its corresponding type declarations.
src/sagas/messages/messages.selectors.test.ts(11,27): error TS2307: Cannot find module '@quiet/types' or its corresponding type declarations.
src/sagas/messages/sendDeletionMessage/sendDeletionMessage.saga.test.ts(16,27): error TS2307: Cannot find module '@quiet/types' or its corresponding type declarations.
src/sagas/messages/sendMessage/sendMessage.saga.test.ts(28,27): error TS2307: Cannot find module '@quiet/types' or its corresponding type declarations.
src/sagas/publicChannels/channelDeletionResponse/channelDeletionResponse.saga.test.ts(16,27): error TS2307: Cannot find module '@quiet/types' or its corresponding type declarations.
src/sagas/publicChannels/channelsReplicated/channelsReplicated.saga.test.ts(17,27): error TS2307: Cannot find module '@quiet/types' or its corresponding type declarations.
src/sagas/publicChannels/createGeneralChannel/createGeneralChannel.saga.test.ts(15,27): error TS2307: Cannot find module '@quiet/types' or its corresponding type declarations.
src/sagas/publicChannels/createGeneralChannel/sendInitialChannelMessage.saga.test.ts(17,27): error TS2307: Cannot find module '@quiet/types' or its corresponding type declarations.
src/sagas/publicChannels/deleteChannel/deleteChannel.saga.test.ts(20,27): error TS2307: Cannot find module '@quiet/types' or its corresponding type declarations.
src/sagas/publicChannels/markUnreadChannels/markUnreadChannels.saga.test.ts(3,22): error TS2724: '"../../.."' has no exported member named 'Community'. Did you mean 'CommunityId'?
src/sagas/publicChannels/publicChannels.selectors.test.ts(25,27): error TS2307: Cannot find module '@quiet/types' or its corresponding type declarations.
src/sagas/publicChannels/updateNewestMessage/updateNewestMessage.saga.test.ts(3,22): error TS2724: '"../../.."' has no exported member named 'Community'. Did you mean 'CommunityId'?
src/sagas/users/users.selectors.test.ts(7,3): error TS2459: Module '"../communities/communities.slice"' declares 'Community' locally, but it is not exported.
src/sagas/users/users.slice.test.ts(3,48): error TS2459: Module '"../communities/communities.slice"' declares 'Community' locally, but it is not exported.
src/types.ts(18,10): error TS2459: Module '"./sagas/communities/communities.slice"' declares 'Community' locally, but it is not exported.
